DEBUG 2023-05-29 01:41:55,008 loader.py  load_from_module 129 Loading module: test.first_test
DEBUG 2023-05-29 01:41:55,022 loader.py  load_from_module 133 put module[test.first_test] into queue
INFO  2023-05-29 01:41:55,023 miniconfig.py from_file       131 load config from config.json
INFO  2023-05-29 01:41:55,045 loader.py  run_session     269 start session with fork mode 
{'debug': False, 'base_dir': 'D:\\test', 'platform': 'ide', 'app': 'wx', 'debug_mode': 'debug', 'close_ide': False, 'auto_capture': 'auto', 'auto_relaunch': True, 'device_desire': {}, 'account_info': {}, 'report_usage': True, 'remote_connect_timeout': 180, 'request_timeout': 60, 'use_push': True, 'full_reset': False, 'outputs': 'D:\\test\\outputs', 'enable_app_log': False, 'enable_network_panel': False, 'project_path': 'D:\\学习app\\CS304\\CS304-project\\Visiting-SUSTech-Frontend', 'dev_tool_path': 'D:\\学习app\\微信开发\\微信web开发者工具\\cli.bat', 'test_port': 9420, 'mock_native_modal': {}, 'mock_request': [], 'auto_authorize': False, 'audits': None, 'teardown_snapshot': False, 'mock_images_dir': '', 'mock_images': {}, 'need_perf': False, 'appid': None, 'framework_capture': True, 'error_capture': False, 'assert_capture': True}

DEBUG 2023-05-29 01:41:55,304 minitest.py _miniClassSetUp 248 =====================
DEBUG 2023-05-29 01:41:55,305 minitest.py _miniClassSetUp 249 Testing class：FirstTest
DEBUG 2023-05-29 01:41:55,305 minitest.py _miniClassSetUp 250 =====================
INFO  2023-05-29 01:41:55,306 minitest.py init_miniprogram 145 start init miniprogram
INFO  2023-05-29 01:41:55,307 basenative.py wrapper         25  call IdeNative.start_wechat
INFO  2023-05-29 01:41:55,308 basenative.py wrapper         29  call IdeNative.start_wechat end
INFO  2023-05-29 01:41:55,309 wx_minium.py launch_dev_tool 565 Starting dev tool and launch MiniProgram project ...
INFO  2023-05-29 01:41:55,309 minium_object.py _do_shell       68  de shell: cli.bat auto --project "D:\学习app\CS304\CS304-project\Visiting-SUSTech-Frontend" --auto-port 9420
INFO  2023-05-29 01:41:56,730 minium_object.py _do_shell       86  err:
- initialize

√ IDE server has started, listening on http://127.0.0.1:18954
- preparing
- Fetching AppID (wx64166ba63297087b) permissions
√ Using AppID: wx64166ba63297087b
× Fetching AppID (wx64166ba63297087b) detailed information

INFO  2023-05-29 01:41:56,730 minium_object.py _do_shell       87  out:
[error] {
  code: 10,
  message: 'Error: 错误 Error: Port 9420 is in use (code 10)Error: Port 9420 is in use\n' +
    '    at Object.exports.auto [as method] (D:\\学习app\\微信开发\\微信web开发者工具\\code\\package.nw\\core.wxvpkg\\1d3c44fb45826718b091c4f56f6d9ab0.js:2:1272)\n' +
    '    at processTicksAndRejections (node:internal/process/task_queues:96:5)\n' +
    '    at async D:\\学习app\\微信开发\\微信web开发者工具\\code\\package.nw\\core.wxvpkg\\7a975443f52e91830ae1d65cdf8c86db.js:2:3779\n' +
    '    at async Object.<anonymous> (D:\\学习app\\微信开发\\微信web开发者工具\\code\\package.nw\\core.wxvpkg\\7a975443f52e91830ae1d65cdf8c86db.js:2:3012)'
}

INFO  2023-05-29 01:41:56,731 wx_minium.py connect_dev_tool 661 Trying to connect Dev tool ...
INFO  2023-05-29 01:41:56,953 connection.py _connect        342 connect to WebChatTools successfully
DEBUG 2023-05-29 01:41:56,955 connection.py _safely_send    417 SEND > {"id":"b7c074a7-69d4-40fb-ad24-60bbecfb1248","method":"Tool.getInfo","params":{}}
DEBUG 2023-05-29 01:41:56,956 connection.py _on_message     652 RECV < {"id":"b7c074a7-69d4-40fb-ad24-60bbecfb1248","result":{"version":"1.06.2303020","SDKVersion":"2.30.2"}}
DEBUG 2023-05-29 01:41:56,957 connection.py _safely_send    417 SEND > {"id":"70683207-43be-4366-9098-5b82f1678efc","method":"App.callWxMethod","params":{"method":"getSystemInfoSync","args":[]}}
DEBUG 2023-05-29 01:41:56,970 connection.py _on_message     650 RECV < {"id":"70683207-43be-4366-9098-5b82f1678efc","result":{"result":{"model":"iPhone 5","pixelRatio":2,"windowWidth":320,"windowHeight":456,"system":"iOS 10.0.1","language":"zh_CN","version":"8.0.5","deviceOrientation":"portrait","screenWidth":320,"screenHeight":568,"SDKVersion":"2.30.2","brand":"devtools","fontSizeSetting":16,"benchmarkLevel":1,"batteryLevel":44,"statusBarHeight":20,"bluetoothEnabled":true,"locationEnabled":true,"wifiEnabled":true,"cameraAuthorized":true,"locationAuthorized":true,"microphon...
DEBUG 2023-05-29 01:41:56,970 connection.py remove          283 remove key which is not in observers
DEBUG 2023-05-29 01:41:56,971 connection.py _safely_send    417 SEND > {"id":"956975ed-f40c-420d-8e67-56c7b5e4a05c","method":"App.addBinding","params":{"name":"onAppRouteDone"}}
DEBUG 2023-05-29 01:41:56,973 connection.py _on_message     652 RECV < {"id":"956975ed-f40c-420d-8e67-56c7b5e4a05c","result":{}}
DEBUG 2023-05-29 01:41:56,973 connection.py _safely_send    417 SEND > {"id":"74207ff7-754e-43ef-b124-7cb4e9c7cfe1","method":"App.callFunction","params":{"functionDeclaration":"function () {\n    if (!global.__minium_onAppRouteDone) {\n        wx.onAppRouteDone(function (options) {\n            onAppRouteDone(options, Date.now())\n        })\n        global.__minium_onAppRouteDone = true\n    }\n}","args":[]}}
DEBUG 2023-05-29 01:41:56,977 connection.py _on_message     652 RECV < {"id":"74207ff7-754e-43ef-b124-7cb4e9c7cfe1","result":{}}
DEBUG 2023-05-29 01:41:56,977 connection.py _safely_send    417 SEND > {"id":"a1345c19-9b95-437f-a3c4-020fefdf019d","method":"App.callFunction","params":{"functionDeclaration":"function miniumRequestStack(){if(!global.__minium_request_stack){global.__minium_request_stack=new Map,global.__minium_wait_util=function(e=0,t=20){var r=(getCurrentPages().pop()||{}).__wxWebviewId__;return new Promise((_=>{var a=10*t,i=setInterval((()=>{a--;var t=global.__minium_request_stack.has(r)?global.__minium_request_stack.get(r).size:0;console.debug(\"[minitest] current stack size: \",t),t<=e?(clearInterval(i),_(!0)):a<0&&(clearInterval(i),_(!1))}),100)}))};var e=wx.request;return Object.defineProperty(wx,\"request\",{configurable:!0,get:()=>function(t){if(\"https://weapp.tencent.com/jscov_driver/CollectCovTimer\"==t.url)return e(t);var r,_=(getCurrentPages().pop()||{}).__wxWebviewId__;global.__minium_request_stack.has(_)?r=global.__minium_request_stack.get(_):(r=new Map,global.__minium_request_stack.set(_,r));var a,i=t.complete;t.complete=e=>{r.delete(a),0===r.size&&global.__minium_request_stack.delete(_),i&&i(e)};var n=e(t);return a=n&&n.uniqueId||Math.random(),r.set(a,Date.now()),n}}),!0}return!1}","args":[]}}
DEBUG 2023-05-29 01:41:56,986 connection.py _on_message     652 RECV < {"id":"a1345c19-9b95-437f-a3c4-020fefdf019d","result":{"result":false}}
DEBUG 2023-05-29 01:41:56,987 connection.py _safely_send    417 SEND > {"id":"8e35d96b-84bd-4930-aefb-26f892ebb905","method":"App.callFunction","params":{"functionDeclaration":"function checkInject(){return!!global.__minium||(global.__minium={},!1)}","args":[]}}
DEBUG 2023-05-29 01:41:56,992 connection.py _on_message     652 RECV < {"id":"8e35d96b-84bd-4930-aefb-26f892ebb905","result":{"result":true}}
DEBUG 2023-05-29 01:41:56,992 connection.py _safely_send    417 SEND > {"id":"d3f20a78-5df0-43bb-b1dd-6bdab2b86c09","method":"App.callFunction","params":{"functionDeclaration":"function(){return {\"pages\": __wxConfig.pages, \"tabBar\": __wxConfig.tabBar && __wxConfig.tabBar.list} }","args":[]}}
DEBUG 2023-05-29 01:41:56,998 connection.py _on_message     650 RECV < {"id":"d3f20a78-5df0-43bb-b1dd-6bdab2b86c09","result":{"result":{"pages":["pages/main/main","pages/map/map","pages/more/more","pages/user-page-detail/record/record","pages/user-page-detail/authority/authority","pages/user-page-detail/modify/modify","pages/user-page-detail/setting/setting","pages/news/news","pages/book-req/book-req","pages/book-adm/book-adm","pages/news-publish/news-publish","pages/group/group","pages/group/post/post","__plugin__/wx50b5593e81dd937a/pages/index/index","__plugin__/wx50b5593...
DEBUG 2023-05-29 01:41:56,999 connection.py _safely_send    417 SEND > {"id":"0e2e6a78-5a5e-4a46-a31a-75da9e733c70","method":"App.callWxMethod","params":{"method":"getAccountInfoSync","args":[]}}
DEBUG 2023-05-29 01:41:57,004 connection.py _on_message     652 RECV < {"id":"0e2e6a78-5a5e-4a46-a31a-75da9e733c70","result":{"result":{"miniProgram":{"appId":"wx64166ba63297087b","envVersion":"develop","version":""}}}}
DEBUG 2023-05-29 01:41:57,005 connection.py _safely_send    417 SEND > {"id":"10dbb580-a1b6-4477-971e-6e427cfd45fe","method":"App.callWxMethod","params":{"method":"getLaunchOptionsSync","args":[]}}
DEBUG 2023-05-29 01:41:57,008 connection.py _on_message     652 RECV < {"id":"10dbb580-a1b6-4477-971e-6e427cfd45fe","result":{"result":{"path":"pages/main/main","query":{},"scene":1001,"referrerInfo":{},"mode":"default","apiCategory":"default"}}}
INFO  2023-05-29 01:41:57,009 app.py     relaunch        564 ReLaunch: /pages/main/main
DEBUG 2023-05-29 01:41:57,010 connection.py _safely_send    417 SEND > {"id":"21a4b871-a666-4ba7-9f8d-ee9b70e2c5e7","method":"App.getCurrentPage","params":{}}
DEBUG 2023-05-29 01:41:57,012 connection.py _on_message     652 RECV < {"id":"21a4b871-a666-4ba7-9f8d-ee9b70e2c5e7","result":{"pageId":2,"path":"pages/main/main","query":{}}}
DEBUG 2023-05-29 01:41:57,013 connection.py _safely_send    417 ASYNC_SEND > {"id":"a8b52d0d-ae8a-4c18-a947-027b72dd5dfa","method":"App.callWxMethod","params":{"method":"reLaunch","args":[{"url":"/pages/main/main"}]}}
DEBUG 2023-05-29 01:41:57,122 connection.py _on_message     652 RECV < {"id":"a8b52d0d-ae8a-4c18-a947-027b72dd5dfa","result":{"result":{"errMsg":"reLaunch:ok"}}}
INFO  2023-05-29 01:41:57,123 connection.py _handle_async_msg 688 received async msg: a8b52d0d-ae8a-4c18-a947-027b72dd5dfa
DEBUG 2023-05-29 01:41:57,501 connection.py _on_message     652 RECV < {"method":"App.bindingCalled","params":{"name":"onAppRouteDone","args":[{"webviewId":4,"path":"pages/main/main","query":{},"openType":"reLaunch","__ts__":1685295717447},1685295717448]}}
INFO  2023-05-29 01:41:57,502 app.py     _on_route_changed 785 Route changed, {'name': 'onAppRouteDone', 'args': [{'webviewId': 4, 'path': 'pages/main/main', 'query': {}, 'openType': 'reLaunch', '__ts__': 1685295717447}, 1685295717448]}
DEBUG 2023-05-29 01:41:57,502 connection.py _safely_send    417 SEND > {"id":"8ca5dd47-d132-498c-b2e0-78779e2929c6","method":"Tool.getInfo","params":{}}
DEBUG 2023-05-29 01:41:57,506 connection.py _on_message     652 RECV < {"id":"8ca5dd47-d132-498c-b2e0-78779e2929c6","result":{"version":"1.06.2303020","SDKVersion":"2.30.2"}}
DEBUG 2023-05-29 01:41:57,518 connection.py _safely_send    417 SEND > {"id":"11c99d8e-abae-4214-b4e4-9d47fe5e2c9d","method":"App.callFunction","params":{"functionDeclaration":"function getAppConfig(){if(0===arguments.length)return __wxConfig;{const n={};return Array.from(arguments).forEach((r=>{n[r]=__wxConfig[r]})),n}}","args":["accountInfo"]}}
DEBUG 2023-05-29 01:41:57,523 connection.py _on_message     652 RECV < {"id":"11c99d8e-abae-4214-b4e4-9d47fe5e2c9d","result":{"result":{"accountInfo":{"appId":"wx64166ba63297087b","nickname":"参观SUSTech","icon":"http://wx.qlogo.cn/mmhead/Q3auHgzwzM5KY8O7jmeEsnTZfTRmYibrRdrKX5ibnzNH5ltggyEO4eIg/0"}}}}
DEBUG 2023-05-29 01:41:57,524 connection.py _safely_send    417 SEND > {"id":"8a17ef05-e1a7-4d29-99ae-b3cc6ce6ce3f","method":"App.callWxMethod","params":{"method":"getSystemInfoSync","args":[]}}
DEBUG 2023-05-29 01:41:57,536 connection.py _on_message     650 RECV < {"id":"8a17ef05-e1a7-4d29-99ae-b3cc6ce6ce3f","result":{"result":{"model":"iPhone 5","pixelRatio":2,"windowWidth":320,"windowHeight":456,"system":"iOS 10.0.1","language":"zh_CN","version":"8.0.5","deviceOrientation":"portrait","screenWidth":320,"screenHeight":568,"SDKVersion":"2.30.2","brand":"devtools","fontSizeSetting":16,"benchmarkLevel":1,"batteryLevel":44,"statusBarHeight":20,"bluetoothEnabled":true,"locationEnabled":true,"wifiEnabled":true,"cameraAuthorized":true,"locationAuthorized":true,"microphon...
INFO  2023-05-29 01:41:57,537 minitest.py init_miniprogram 160 end init miniprogram
INFO  2023-05-29 01:41:57,539 minitest.py _miniSetUp      341 =========Current case: test_get_system_info=========
INFO  2023-05-29 01:41:57,539 minitest.py _miniSetUp      344 package info: D:.test.test.first_test, case info: FirstTest.test_get_system_info
INFO  2023-05-29 01:41:57,540 basenative.py wrapper         25  call BaseNative.check_connection
INFO  2023-05-29 01:41:57,541 basenative.py wrapper         29  call BaseNative.check_connection end
INFO  2023-05-29 01:41:57,541 basenative.py wrapper         25  call BaseNative.back_to_miniprogram
INFO  2023-05-29 01:41:57,542 basenative.py back_to_miniprogram 550 try back_to_miniprogram 3
INFO  2023-05-29 01:41:57,542 basenative.py wrapper         29  call BaseNative.back_to_miniprogram end
DEBUG 2023-05-29 01:41:57,543 connection.py _safely_send    417 ASYNC_SEND > {"id":"13747434-370b-489d-b0a6-106b517ccead","method":"App.callWxMethod","params":{"method":"switchTab","args":[{"url":"/pages/main/main"}]}}
DEBUG 2023-05-29 01:41:57,593 connection.py _on_message     652 RECV < {"id":"13747434-370b-489d-b0a6-106b517ccead","result":{"result":{"errMsg":"switchTab:ok"}}}
INFO  2023-05-29 01:41:57,594 connection.py _handle_async_msg 688 received async msg: 13747434-370b-489d-b0a6-106b517ccead
INFO  2023-05-29 01:41:57,595 minitest.py capture         673 capture setup.png
INFO  2023-05-29 01:41:57,596 basenative.py wrapper         25  call IdeNative.screen_shot
DEBUG 2023-05-29 01:41:57,597 connection.py _safely_send    417 SEND > {"id":"eb2baaa7-ced7-4b29-ad16-cdab11116cb0","method":"App.captureScreenshot","params":{}}
WARNI 2023-05-29 01:42:57,608 utils.py   wrapper         88  第 1 次重新运行_framework_capture
INFO  2023-05-29 01:42:57,610 utils.py   wrapper         91  原因: MiniTimeoutError('[eb2baaa7-ced7-4b29-ad16-cdab11116cb0][call App.captureScreenshot] receive from remote timeout',)
INFO  2023-05-29 01:42:57,611 minitest.py capture         673 capture setup.png
INFO  2023-05-29 01:42:57,612 basenative.py wrapper         25  call IdeNative.screen_shot
DEBUG 2023-05-29 01:42:57,613 connection.py _safely_send    417 SEND > {"id":"43f3ef8b-9fcd-4ecb-8ded-c2a13dba0dd2","method":"App.captureScreenshot","params":{}}
ERROR 2023-05-29 01:43:57,622 utils.py   wrapper         156 catch error: [43f3ef8b-9fcd-4ecb-8ded-c2a13dba0dd2][call App.captureScreenshot] receive from remote timeout
INFO  2023-05-29 01:43:57,625 minitest.py _miniSetUp      394 =========case: test_get_system_info start=========
DEBUG 2023-05-29 01:43:57,627 connection.py _safely_send    417 SEND > {"id":"2f88a240-860e-48eb-82a4-c1209c039593","method":"App.callWxMethod","params":{"method":"getSystemInfoSync","args":[]}}
DEBUG 2023-05-29 01:43:57,642 connection.py _on_message     650 RECV < {"id":"2f88a240-860e-48eb-82a4-c1209c039593","result":{"result":{"model":"iPhone 5","pixelRatio":2,"windowWidth":320,"windowHeight":456,"system":"iOS 10.0.1","language":"zh_CN","version":"8.0.5","deviceOrientation":"portrait","screenWidth":320,"screenHeight":568,"SDKVersion":"2.30.2","brand":"devtools","fontSizeSetting":16,"benchmarkLevel":1,"batteryLevel":44,"statusBarHeight":20,"bluetoothEnabled":true,"locationEnabled":true,"wifiEnabled":true,"cameraAuthorized":true,"locationAuthorized":true,"microphon...
INFO  2023-05-29 01:43:57,819 minitest.py capture         673 capture assertIn-success.png
INFO  2023-05-29 01:43:57,820 basenative.py wrapper         25  call IdeNative.screen_shot
DEBUG 2023-05-29 01:43:57,822 connection.py _safely_send    417 SEND > {"id":"9e82277c-d27d-4ae4-99e3-ce1cb6c41adb","method":"App.captureScreenshot","params":{}}
WARNI 2023-05-29 01:44:57,838 utils.py   wrapper         88  第 1 次重新运行capture
INFO  2023-05-29 01:44:57,838 utils.py   wrapper         91  原因: KeyboardInterrupt()
INFO  2023-05-29 01:44:57,839 minitest.py capture         673 capture assertIn-success.png
INFO  2023-05-29 01:44:57,840 basenative.py wrapper         25  call IdeNative.screen_shot
DEBUG 2023-05-29 01:44:57,841 connection.py _safely_send    417 SEND > {"id":"501c9d12-426a-43f2-98a5-78492cd51c55","method":"App.captureScreenshot","params":{}}
DEBUG 2023-05-29 01:45:35,614 connection.py _on_message     650 RECV < {"id":"501c9d12-426a-43f2-98a5-78492cd51c55","result":{"data":"iVBORw0KGgoAAAANSUhEUgAAAoAAAAOQCAIAAAAmDldbAAAAAXNSR0IArs4c6QAAIABJREFUeJzEu8mypst1nreyz6//291U7epODxAEQEA2IYuOsOyBIzzSXWnsq7AnvgSLctCWGKRJgSABnLbqVNWu3f7d12e/NDiEQzdg6M1J5iiHz7vWehf5t//r/1SuG1pQlDOhIyQznKa5k4cdafJf/Le//DeffvopFWwYpqKoB3M69deH9rvv3v96PzwsmtXTy4+eXXzUlGs3+aEdfvubfzidTmfnH59vP33z1dv/43//3y4u+NkzTjMvygURZ0X+/JOXf/bi+afGzH/9t//u69d/vdykYsEuL589f/L567+7v399+sUvfvnzf/GLL7/+mmluvBnmcTSGMiqzTHBelBkQd+rfd+M75DtZDrPduSlxrDitKPJMUZ+Ok9...
INFO  2023-05-29 01:45:35,617 basenative.py wrapper         29  call IdeNative.screen_shot end
DEBUG 2023-05-29 01:45:35,618 minitest.py _miniTearDown   587 =========Current case Down: test_get_system_info=========
INFO  2023-05-29 01:45:35,619 minitest.py capture         673 capture teardown.png
INFO  2023-05-29 01:45:35,619 basenative.py wrapper         25  call IdeNative.screen_shot
DEBUG 2023-05-29 01:45:35,620 connection.py _safely_send    417 SEND > {"id":"0d7f6548-4357-4913-88ed-470d1d4a05f8","method":"App.captureScreenshot","params":{}}
DEBUG 2023-05-29 01:45:35,955 connection.py _on_message     650 RECV < {"id":"0d7f6548-4357-4913-88ed-470d1d4a05f8","result":{"data":"iVBORw0KGgoAAAANSUhEUgAAAoAAAAOQCAIAAAAmDldbAAAAAXNSR0IArs4c6QAAIABJREFUeJzEu8mypst1nreyz6//291U7epODxAEQEA2IYuOsOyBIzzSXWnsq7AnvgSLctCWGKRJgSABnLbqVNWu3f7d12e/NDiEQzdg6M1J5iiHz7vWehf5t//r/1SuG1pQlDOhIyQznKa5k4cdafJf/Le//DeffvopFWwYpqKoB3M69deH9rvv3v96PzwsmtXTy4+eXXzUlGs3+aEdfvubfzidTmfnH59vP33z1dv/43//3y4u+NkzTjMvygURZ0X+/JOXf/bi+afGzH/9t//u69d/vdykYsEuL589f/L567+7v399+sUvfvnzf/GLL7/+mmluvBnmcTSGMiqzTHBelBkQd+rfd+M75DtZDrPduSlxrDitKPJMUZ+Ok9...
INFO  2023-05-29 01:45:35,959 basenative.py wrapper         29  call IdeNative.screen_shot end
INFO  2023-05-29 01:45:35,960 basenative.py wrapper         25  call BaseNative.get_start_up
INFO  2023-05-29 01:45:35,960 basenative.py wrapper         29  call BaseNative.get_start_up end
INFO  2023-05-29 01:45:45,984 session.py run             67  case queue is empty, test complete, release None
DEBUG 2023-05-29 01:45:45,986 connection.py _safely_send    417 ASYNC_SEND > {"id":"4794425f-f36e-4714-8295-3c3f3a85d3e9","method":"Tool.close","params":{}}
DEBUG 2023-05-29 01:45:45,989 connection.py _on_message     652 RECV < {"id":"4794425f-f36e-4714-8295-3c3f3a85d3e9","result":{}}
INFO  2023-05-29 01:45:45,990 connection.py _handle_async_msg 688 received async msg: 4794425f-f36e-4714-8295-3c3f3a85d3e9, maybe command ignore response
ERROR 2023-05-29 01:45:46,016 connection.py _on_error       632 Connection to remote host was lost.
INFO  2023-05-29 01:45:46,017 connection.py _ws_run_forever 367 websocket run forever shutdown
INFO  2023-05-29 01:45:47,001 basenative.py wrapper         25  call IdeNative.stop_wechat
INFO  2023-05-29 01:45:47,001 basenative.py wrapper         29  call IdeNative.stop_wechat end
INFO  2023-05-29 01:45:47,002 basenative.py wrapper         25  call IdeNative.release
INFO  2023-05-29 01:45:47,002 basenative.py wrapper         25  call BaseNative.release_auto_authorize
INFO  2023-05-29 01:45:47,002 basenative.py wrapper         29  call BaseNative.release_auto_authorize end
INFO  2023-05-29 01:45:47,003 basenative.py wrapper         29  call IdeNative.release end
DEBUG 2023-05-29 01:46:33,878 loader.py  load_from_module 129 Loading module: test.first_test
DEBUG 2023-05-29 01:46:33,880 loader.py  load_from_module 133 put module[test.first_test] into queue
INFO  2023-05-29 01:46:33,881 miniconfig.py from_file       131 load config from config.json
INFO  2023-05-29 01:46:33,887 loader.py  run_session     269 start session with fork mode 
{'debug': False, 'base_dir': 'D:\\test', 'platform': 'ide', 'app': 'wx', 'debug_mode': 'debug', 'close_ide': False, 'auto_capture': 'auto', 'auto_relaunch': True, 'device_desire': {}, 'account_info': {}, 'report_usage': True, 'remote_connect_timeout': 180, 'request_timeout': 60, 'use_push': True, 'full_reset': False, 'outputs': 'D:\\test\\outputs', 'enable_app_log': False, 'enable_network_panel': False, 'project_path': 'D:\\学习app\\CS304\\CS304-project\\Visiting-SUSTech-Frontend', 'dev_tool_path': 'D:\\学习app\\微信开发\\微信web开发者工具\\cli.bat', 'test_port': 9420, 'mock_native_modal': {}, 'mock_request': [], 'auto_authorize': False, 'audits': None, 'teardown_snapshot': False, 'mock_images_dir': '', 'mock_images': {}, 'need_perf': False, 'appid': None, 'framework_capture': True, 'error_capture': False, 'assert_capture': True}

DEBUG 2023-05-29 01:46:34,125 minitest.py _miniClassSetUp 248 =====================
DEBUG 2023-05-29 01:46:34,125 minitest.py _miniClassSetUp 249 Testing class：FirstTest
DEBUG 2023-05-29 01:46:34,125 minitest.py _miniClassSetUp 250 =====================
INFO  2023-05-29 01:46:34,126 minitest.py init_miniprogram 145 start init miniprogram
INFO  2023-05-29 01:46:34,127 basenative.py wrapper         25  call IdeNative.start_wechat
INFO  2023-05-29 01:46:34,130 basenative.py wrapper         29  call IdeNative.start_wechat end
INFO  2023-05-29 01:46:34,131 wx_minium.py launch_dev_tool 565 Starting dev tool and launch MiniProgram project ...
INFO  2023-05-29 01:46:34,132 minium_object.py _do_shell       68  de shell: cli.bat auto --project "D:\学习app\CS304\CS304-project\Visiting-SUSTech-Frontend" --auto-port 9420
INFO  2023-05-29 01:46:36,862 minium_object.py _do_shell       86  err:
- initialize

√ IDE server has started, listening on http://127.0.0.1:18954
- preparing
- Fetching AppID (wx64166ba63297087b) permissions
√ Using AppID: wx64166ba63297087b
√ auto

INFO  2023-05-29 01:46:36,863 minium_object.py _do_shell       87  out:

INFO  2023-05-29 01:46:46,870 wx_minium.py connect_dev_tool 661 Trying to connect Dev tool ...
INFO  2023-05-29 01:46:46,995 connection.py _connect        342 connect to WebChatTools successfully
DEBUG 2023-05-29 01:46:46,995 connection.py _safely_send    417 SEND > {"id":"7100cf1c-6edc-45b5-a427-1e01748608c5","method":"Tool.getInfo","params":{}}
DEBUG 2023-05-29 01:46:47,006 connection.py _on_message     652 RECV < {"id":"7100cf1c-6edc-45b5-a427-1e01748608c5","result":{"version":"1.06.2303020","SDKVersion":"2.30.2"}}
DEBUG 2023-05-29 01:46:47,007 connection.py _safely_send    417 SEND > {"id":"54573561-68f0-4cf9-80cb-15219a04549a","method":"App.callWxMethod","params":{"method":"getSystemInfoSync","args":[]}}
ERROR 2023-05-29 01:47:47,013 wx_minium.py connect_dev_tool 679 [54573561-68f0-4cf9-80cb-15219a04549a][call App.callWxMethod] receive from remote timeout
Traceback (most recent call last):
  File "D:\test\venv\lib\site-packages\minium\miniprogram\wx_minium.py", line 666, in connect_dev_tool
    self._get_system_info()
  File "D:\test\venv\lib\site-packages\minium\miniprogram\wx_minium.py", line 441, in _get_system_info
    system_info = self.get_system_info()
  File "D:\test\venv\lib\site-packages\minium\miniprogram\base_driver\minium_log.py", line 160, in wrapper
    result = func(*args, **kwargs)
  File "D:\test\venv\lib\site-packages\minium\miniprogram\wx_minium.py", line 718, in get_system_info
    self._call_wx_method("getSystemInfoSync")
  File "D:\test\venv\lib\site-packages\minium\miniprogram\base_driver\minium_object.py", line 142, in _call_wx_method
    return self.connection.send("App.callWxMethod", params)
  File "D:\test\venv\lib\site-packages\minium\miniprogram\base_driver\connection.py", line 447, in send
    return self._receive_response(cmd)
  File "D:\test\venv\lib\site-packages\minium\miniprogram\base_driver\connection.py", line 491, in _receive_response
    raise MiniTimeoutError(
minium.framework.exception.MiniTimeoutError: [54573561-68f0-4cf9-80cb-15219a04549a][call App.callWxMethod] receive from remote timeout
INFO  2023-05-29 01:47:47,018 wx_minium.py connect_dev_tool 661 Trying to connect Dev tool ...
INFO  2023-05-29 01:47:47,230 connection.py _connect        342 connect to WebChatTools successfully
ERROR 2023-05-29 01:47:47,231 connection.py destroy         711 断开连接
INFO  2023-05-29 01:47:47,235 connection.py _ws_run_forever 367 websocket run forever shutdown
DEBUG 2023-05-29 01:47:47,236 connection.py _safely_send    417 SEND > {"id":"ffae4754-3d21-4fb4-b112-c917698d5c2c","method":"Tool.getInfo","params":{}}
DEBUG 2023-05-29 01:47:47,240 connection.py _on_message     652 RECV < {"id":"ffae4754-3d21-4fb4-b112-c917698d5c2c","result":{"version":"1.06.2303020","SDKVersion":"2.30.2"}}
DEBUG 2023-05-29 01:47:47,242 connection.py _safely_send    417 SEND > {"id":"d7c19a6f-f233-42ad-b153-1a5391b11c0d","method":"App.callWxMethod","params":{"method":"getSystemInfoSync","args":[]}}
DEBUG 2023-05-29 01:48:05,405 connection.py _on_message     652 RECV < {"method":"App.initialized","params":{"from":"devtools"}}
DEBUG 2023-05-29 01:48:05,504 connection.py _on_message     650 RECV < {"id":"54573561-68f0-4cf9-80cb-15219a04549a","result":{"result":{"model":"iPhone 5","pixelRatio":2,"windowWidth":320,"windowHeight":456,"system":"iOS 10.0.1","language":"zh_CN","version":"8.0.5","deviceOrientation":"portrait","screenWidth":320,"screenHeight":568,"SDKVersion":"2.30.2","brand":"devtools","fontSizeSetting":16,"benchmarkLevel":1,"batteryLevel":35,"statusBarHeight":20,"bluetoothEnabled":true,"locationEnabled":true,"wifiEnabled":true,"cameraAuthorized":true,"locationAuthorized":true,"microphon...
INFO  2023-05-29 01:48:05,505 connection.py _handle_async_msg 688 received async msg: 54573561-68f0-4cf9-80cb-15219a04549a, maybe command ignore response
DEBUG 2023-05-29 01:48:05,506 connection.py _on_message     650 RECV < {"id":"d7c19a6f-f233-42ad-b153-1a5391b11c0d","result":{"result":{"model":"iPhone 5","pixelRatio":2,"windowWidth":320,"windowHeight":456,"system":"iOS 10.0.1","language":"zh_CN","version":"8.0.5","deviceOrientation":"portrait","screenWidth":320,"screenHeight":568,"SDKVersion":"2.30.2","brand":"devtools","fontSizeSetting":16,"benchmarkLevel":1,"batteryLevel":35,"statusBarHeight":20,"bluetoothEnabled":true,"locationEnabled":true,"wifiEnabled":true,"cameraAuthorized":true,"locationAuthorized":true,"microphon...
DEBUG 2023-05-29 01:48:05,506 connection.py remove          283 remove key which is not in observers
DEBUG 2023-05-29 01:48:05,507 connection.py _safely_send    417 SEND > {"id":"df7038d8-9397-4bdd-b3fb-2603ab9ba2e4","method":"App.addBinding","params":{"name":"onAppRouteDone"}}
DEBUG 2023-05-29 01:48:05,538 connection.py _on_message     652 RECV < {"id":"df7038d8-9397-4bdd-b3fb-2603ab9ba2e4","result":{}}
DEBUG 2023-05-29 01:48:05,538 connection.py _safely_send    417 SEND > {"id":"3a8e3098-5d5a-4b3c-9c83-f2ba625a1697","method":"App.callFunction","params":{"functionDeclaration":"function () {\n    if (!global.__minium_onAppRouteDone) {\n        wx.onAppRouteDone(function (options) {\n            onAppRouteDone(options, Date.now())\n        })\n        global.__minium_onAppRouteDone = true\n    }\n}","args":[]}}
DEBUG 2023-05-29 01:48:05,548 connection.py _on_message     652 RECV < {"id":"3a8e3098-5d5a-4b3c-9c83-f2ba625a1697","result":{}}
DEBUG 2023-05-29 01:48:05,550 connection.py _safely_send    417 SEND > {"id":"0951b4ea-65ec-4805-961c-7ffae7fc8f5f","method":"App.callFunction","params":{"functionDeclaration":"function miniumRequestStack(){if(!global.__minium_request_stack){global.__minium_request_stack=new Map,global.__minium_wait_util=function(e=0,t=20){var r=(getCurrentPages().pop()||{}).__wxWebviewId__;return new Promise((_=>{var a=10*t,i=setInterval((()=>{a--;var t=global.__minium_request_stack.has(r)?global.__minium_request_stack.get(r).size:0;console.debug(\"[minitest] current stack size: \",t),t<=e?(clearInterval(i),_(!0)):a<0&&(clearInterval(i),_(!1))}),100)}))};var e=wx.request;return Object.defineProperty(wx,\"request\",{configurable:!0,get:()=>function(t){if(\"https://weapp.tencent.com/jscov_driver/CollectCovTimer\"==t.url)return e(t);var r,_=(getCurrentPages().pop()||{}).__wxWebviewId__;global.__minium_request_stack.has(_)?r=global.__minium_request_stack.get(_):(r=new Map,global.__minium_request_stack.set(_,r));var a,i=t.complete;t.complete=e=>{r.delete(a),0===r.size&&global.__minium_request_stack.delete(_),i&&i(e)};var n=e(t);return a=n&&n.uniqueId||Math.random(),r.set(a,Date.now()),n}}),!0}return!1}","args":[]}}
DEBUG 2023-05-29 01:48:05,556 connection.py _on_message     652 RECV < {"id":"0951b4ea-65ec-4805-961c-7ffae7fc8f5f","result":{"result":true}}
DEBUG 2023-05-29 01:48:05,557 connection.py _safely_send    417 SEND > {"id":"de1d9139-ca18-4966-b333-2d61ee4d28ea","method":"App.callFunction","params":{"functionDeclaration":"function checkInject(){return!!global.__minium||(global.__minium={},!1)}","args":[]}}
DEBUG 2023-05-29 01:48:05,559 connection.py _on_message     652 RECV < {"id":"de1d9139-ca18-4966-b333-2d61ee4d28ea","result":{"result":false}}
DEBUG 2023-05-29 01:48:05,560 connection.py _safely_send    417 SEND > {"id":"d7fcf252-aca3-45a7-a611-f119c57c0e36","method":"App.callFunction","params":{"functionDeclaration":"function(){return {\"pages\": __wxConfig.pages, \"tabBar\": __wxConfig.tabBar && __wxConfig.tabBar.list} }","args":[]}}
DEBUG 2023-05-29 01:48:05,564 connection.py _on_message     650 RECV < {"id":"d7fcf252-aca3-45a7-a611-f119c57c0e36","result":{"result":{"pages":["pages/main/main","pages/map/map","pages/more/more","pages/user-page-detail/record/record","pages/user-page-detail/authority/authority","pages/user-page-detail/modify/modify","pages/user-page-detail/setting/setting","pages/news/news","pages/book-req/book-req","pages/book-adm/book-adm","pages/news-publish/news-publish","pages/group/group","pages/group/post/post","__plugin__/wx50b5593e81dd937a/pages/index/index","__plugin__/wx50b5593...
DEBUG 2023-05-29 01:48:05,564 connection.py _safely_send    417 SEND > {"id":"2f2a354a-6210-44aa-bfa1-4a49ab77aeae","method":"App.callWxMethod","params":{"method":"getAccountInfoSync","args":[]}}
DEBUG 2023-05-29 01:48:05,570 connection.py _on_message     652 RECV < {"id":"2f2a354a-6210-44aa-bfa1-4a49ab77aeae","result":{"result":{"miniProgram":{"appId":"wx64166ba63297087b","envVersion":"develop","version":""}}}}
DEBUG 2023-05-29 01:48:05,570 connection.py _safely_send    417 SEND > {"id":"d12ed80c-1e9d-43b1-ba0c-6ec15bfcf488","method":"App.callWxMethod","params":{"method":"getLaunchOptionsSync","args":[]}}
DEBUG 2023-05-29 01:48:05,575 connection.py _on_message     652 RECV < {"id":"d12ed80c-1e9d-43b1-ba0c-6ec15bfcf488","result":{"result":{"path":"pages/main/main","query":{},"scene":1001,"referrerInfo":{},"mode":"default","apiCategory":"default"}}}
INFO  2023-05-29 01:48:05,575 app.py     relaunch        564 ReLaunch: /pages/main/main
DEBUG 2023-05-29 01:48:05,576 connection.py _safely_send    417 SEND > {"id":"3643e562-cdc7-4e6e-a190-ba36d60e1b95","method":"App.getCurrentPage","params":{}}
DEBUG 2023-05-29 01:48:05,579 connection.py _on_message     652 RECV < {"id":"3643e562-cdc7-4e6e-a190-ba36d60e1b95","result":{"pageId":1,"path":"pages/main/main","query":{}}}
DEBUG 2023-05-29 01:48:05,580 connection.py _safely_send    417 ASYNC_SEND > {"id":"1cd4cb28-a671-40c0-9d8c-a9d8b7cce46a","method":"App.callWxMethod","params":{"method":"reLaunch","args":[{"url":"/pages/main/main"}]}}
DEBUG 2023-05-29 01:48:05,705 connection.py _on_message     652 RECV < {"id":"1cd4cb28-a671-40c0-9d8c-a9d8b7cce46a","result":{"result":{"errMsg":"reLaunch:ok"}}}
INFO  2023-05-29 01:48:05,706 connection.py _handle_async_msg 688 received async msg: 1cd4cb28-a671-40c0-9d8c-a9d8b7cce46a
DEBUG 2023-05-29 01:48:06,297 connection.py _on_message     652 RECV < {"method":"App.bindingCalled","params":{"name":"onAppRouteDone","args":[{"webviewId":2,"path":"pages/main/main","query":{},"openType":"reLaunch","__ts__":1685296086216},1685296086218]}}
INFO  2023-05-29 01:48:06,298 app.py     _on_route_changed 785 Route changed, {'name': 'onAppRouteDone', 'args': [{'webviewId': 2, 'path': 'pages/main/main', 'query': {}, 'openType': 'reLaunch', '__ts__': 1685296086216}, 1685296086218]}
DEBUG 2023-05-29 01:48:06,298 connection.py _safely_send    417 SEND > {"id":"c9f36823-8836-4428-b943-95de059e03af","method":"Tool.getInfo","params":{}}
DEBUG 2023-05-29 01:48:06,307 connection.py _on_message     652 RECV < {"id":"c9f36823-8836-4428-b943-95de059e03af","result":{"version":"1.06.2303020","SDKVersion":"2.30.2"}}
DEBUG 2023-05-29 01:48:06,309 connection.py _safely_send    417 SEND > {"id":"526a4e45-d01c-427d-9637-67974054487d","method":"App.callFunction","params":{"functionDeclaration":"function ideMockModal(){return!!global.__minium_mock_native_modal||(global.__minium_auth_setting={},global.__minium_mock_native_modal_list=[],global.__minium_handle_mock_modal=function(_,l){let m=[];for(;global.__minium_mock_native_modal_list.length>0;){let i=global.__minium_mock_native_modal_list.pop();if(-1===l.indexOf(i.type)||!(_ in i)){m.unshift(i);continue}let o=i[_];if(global.__minium_mock_native_modal_list.push(...m),\"function\"!=typeof o)throw`${o} is not callable`;return o(),!0}return console.warn(`can't find [${l}][${_}]`),global.__minium_mock_native_modal_list.push(...m),!1},global.__minium_get_all_modal=function(){let _=[];global.__minium_mock_native_modal_list.forEach((l=>{_.push({type:l.type,texts:Object.keys(l).filter((_=>\"type\"!==_))})}))},global.__minium_handle_mock_native_modal=function(_){return global.__minium_handle_mock_modal(_,[\"modal\",\"auth\"])},global.__minium_handle_mock_map_modal=function(_){return global.__minium_handle_mock_modal(_,[\"map\"])},global.__minium_handle_mock_auth_modal=function(_){return global.__minium_handle_mock_modal(_,[\"auth\"])},global.__minium_mock_native_modal=function(_){_.type=\"modal\",global.__minium_mock_native_modal_list.push(_)},global.__minium_mock_map_modal=function(_){_.type=\"map\",global.__minium_mock_native_modal_list.push(_)},global.__minium_mock_auth_modal=function(_){_.type=\"auth\",global.__minium_mock_native_modal_list.push(_)},!1)}","args":[]}}
DEBUG 2023-05-29 01:48:06,319 connection.py _on_message     652 RECV < {"id":"526a4e45-d01c-427d-9637-67974054487d","result":{"result":false}}
DEBUG 2023-05-29 01:48:06,322 connection.py _safely_send    417 SEND > {"id":"6cfc9beb-1d07-4e40-ac76-20f707bb442a","method":"App.mockWxMethod","params":{"method":"showActionSheet","functionDeclaration":"function miniActionSheet(e){return new Promise((n=>{let t={},o=e.itemList;for(let e=0;e<o.length;e++)t[o[e]]=function(){let t={errMsg:\"showActionSheet:ok\",tapIndex:e};return n(t),t};return t[\"\u53d6\u6d88\"]=function(){let e={errMsg:\"showActionSheet:fail cancel\"};return n(e),e},console.warn(\"[minium] mock wx.showActionSheet, you can use `native.handle_action_sheet` to handle it\"),global.__minium_mock_native_modal(t)}))}","args":[]}}
DEBUG 2023-05-29 01:48:06,343 connection.py _on_message     652 RECV < {"id":"6cfc9beb-1d07-4e40-ac76-20f707bb442a","result":{}}
DEBUG 2023-05-29 01:48:06,344 connection.py _safely_send    417 SEND > {"id":"eead8416-e0d7-4c9e-88e4-ec3935946217","method":"App.callWxMethod","params":{"method":"getSetting","args":[]}}
DEBUG 2023-05-29 01:48:06,681 connection.py _on_message     652 RECV < {"id":"eead8416-e0d7-4c9e-88e4-ec3935946217","result":{"result":{"errMsg":"getSetting:ok","authSetting":{"scope.userLocation":true,"scope.address":true,"scope.invoice":true,"scope.invoiceTitle":true,"scope.userInfo":true}}}}
DEBUG 2023-05-29 01:48:06,683 connection.py _safely_send    417 SEND > {"id":"a8afce4d-6ad8-4329-85e8-7186a5098e06","method":"App.callFunction","params":{"functionDeclaration":"function mockNetwork(){if(!global[\"__minium_request_network_mocked\"]){function e(i,s){if(typeof i!=typeof s)return!1;switch(typeof i){case\"string\":return!!new RegExp(i).exec(s);case\"number\":return i===s;case\"object\":if(i instanceof Array){if(i.length!=s.length)return!1;for(var c=0;c<i.length;c++)if(!e(i[c],s[c]))return!1;return!0}for(var t in i)if(\"success\"!=t&&\"fail\"!=t&&\"complete\"!=t&&\"_miniMockType\"!=t){if(void 0===s[t])return!1;if(!e(i[t],s[t]))return!1}return!0}return!1}Object.defineProperty(global,\"__minium_request_network_mocked\",{value:!0,writable:!1}),global[\"__minium_request_network_mock_rule\"]||(global[\"__minium_request_network_mock_rule\"]=[]),global[\"__minium_requestTask\"]=class{constructor(e,i,s){this.success=e,this.fail=i,this.callback=s,this.chunkCallback=[],this.headersReceivedCallback=[],this.progressUpdateCallback=[],this.fd=setTimeout((()=>{this.headersReceivedCallback.forEach((e=>{this.success&&e({header:this.success.header})})),this.chunkCallback.forEach((e=>{this.success&&e(this.success.data)})),this.progressUpdateCallback.forEach((e=>{this.success&&e({progress:100,totalBytesWritten:100,totalBytesExpectedToWrite:100})})),s(this.success||this.fail)}))}abort(){clearTimeout(this.fd)}offChunkReceived(e){var i=this.chunkCallback.indexOf(e);-1!==i&&this.chunkCallback.splice(i,1)}offHeadersReceived(e){var i=this.headersReceivedCallback.indexOf(e);-1!==i&&this.headersReceivedCallback.splice(i,1)}onChunkReceived(e){this.chunkCallback.push(e)}onHeadersReceived(e){this.headersReceivedCallback.push(e)}onProgressUpdate(e){this.progressUpdateCallback.push(e)}};var i=wx[\"request\"];Object.defineProperty(wx,\"request\",{configurable:!0,get:()=>function(s){for(var c=0;c<global[\"__minium_request_network_mock_rule\"].length;c++){var t=global[\"__minium_request_network_mock_rule\"][c];if(e(t,s)){if(1===t._miniMockType&&([t]=global[\"__minium_request_network_mock_rule\"].splice(c,1)),console.log(\"@@@@rule match\",t),s.__miniumMocked=!0,t.success)return new global[\"__minium_requestTask\"](t.success,void 0,(e=>{s.success&&s.success(e),s.complete&&s.complete(e)}));if(t.fail)return new global[\"__minium_requestTask\"](void 0,t.fail,(e=>{s.fail&&s.fail(e),s.complete&&s.complete(e)}));if(1===t._miniMockType)return}}return i(s)}})}}","args":[]}}
DEBUG 2023-05-29 01:48:06,688 connection.py _on_message     652 RECV < {"id":"a8afce4d-6ad8-4329-85e8-7186a5098e06","result":{}}
DEBUG 2023-05-29 01:48:06,689 connection.py _safely_send    417 SEND > {"id":"82cae0e0-dd32-46f7-ac98-34589a68c483","method":"App.callFunction","params":{"functionDeclaration":"function getAppConfig(){if(0===arguments.length)return __wxConfig;{const n={};return Array.from(arguments).forEach((r=>{n[r]=__wxConfig[r]})),n}}","args":["accountInfo"]}}
DEBUG 2023-05-29 01:48:06,695 connection.py _on_message     652 RECV < {"id":"82cae0e0-dd32-46f7-ac98-34589a68c483","result":{"result":{"accountInfo":{"appId":"wx64166ba63297087b","nickname":"参观SUSTech","icon":"http://wx.qlogo.cn/mmhead/Q3auHgzwzM5KY8O7jmeEsnTZfTRmYibrRdrKX5ibnzNH5ltggyEO4eIg/0"}}}}
DEBUG 2023-05-29 01:48:06,696 connection.py _safely_send    417 SEND > {"id":"c08dfdcf-5ab2-47c7-8f26-e7ca4e2d204f","method":"App.callWxMethod","params":{"method":"getSystemInfoSync","args":[]}}
DEBUG 2023-05-29 01:48:06,706 connection.py _on_message     650 RECV < {"id":"c08dfdcf-5ab2-47c7-8f26-e7ca4e2d204f","result":{"result":{"model":"iPhone 5","pixelRatio":2,"windowWidth":320,"windowHeight":456,"system":"iOS 10.0.1","language":"zh_CN","version":"8.0.5","deviceOrientation":"portrait","screenWidth":320,"screenHeight":568,"SDKVersion":"2.30.2","brand":"devtools","fontSizeSetting":16,"benchmarkLevel":1,"batteryLevel":35,"statusBarHeight":20,"bluetoothEnabled":true,"locationEnabled":true,"wifiEnabled":true,"cameraAuthorized":true,"locationAuthorized":true,"microphon...
INFO  2023-05-29 01:48:06,708 minitest.py init_miniprogram 160 end init miniprogram
INFO  2023-05-29 01:48:06,728 minitest.py _miniSetUp      341 =========Current case: test_get_system_info=========
INFO  2023-05-29 01:48:06,737 minitest.py _miniSetUp      344 package info: D:.test.test.first_test, case info: FirstTest.test_get_system_info
INFO  2023-05-29 01:48:06,739 basenative.py wrapper         25  call BaseNative.check_connection
INFO  2023-05-29 01:48:06,740 basenative.py wrapper         29  call BaseNative.check_connection end
INFO  2023-05-29 01:48:06,741 basenative.py wrapper         25  call BaseNative.back_to_miniprogram
INFO  2023-05-29 01:48:06,741 basenative.py back_to_miniprogram 550 try back_to_miniprogram 3
INFO  2023-05-29 01:48:06,742 basenative.py wrapper         29  call BaseNative.back_to_miniprogram end
DEBUG 2023-05-29 01:48:06,744 connection.py _safely_send    417 ASYNC_SEND > {"id":"df7b81b6-d531-4c79-9e73-0bc8ee3368f0","method":"App.callWxMethod","params":{"method":"switchTab","args":[{"url":"/pages/main/main"}]}}
DEBUG 2023-05-29 01:48:06,784 connection.py _on_message     652 RECV < {"id":"df7b81b6-d531-4c79-9e73-0bc8ee3368f0","result":{"result":{"errMsg":"switchTab:ok"}}}
INFO  2023-05-29 01:48:06,785 connection.py _handle_async_msg 688 received async msg: df7b81b6-d531-4c79-9e73-0bc8ee3368f0
INFO  2023-05-29 01:48:06,787 minitest.py capture         673 capture setup.png
INFO  2023-05-29 01:48:06,788 basenative.py wrapper         25  call IdeNative.screen_shot
DEBUG 2023-05-29 01:48:06,789 connection.py _safely_send    417 SEND > {"id":"dfdf9b01-45ff-49ff-9efb-e195c60d4557","method":"App.captureScreenshot","params":{}}
DEBUG 2023-05-29 01:48:07,106 connection.py _on_message     650 RECV < {"id":"dfdf9b01-45ff-49ff-9efb-e195c60d4557","result":{"data":"iVBORw0KGgoAAAANSUhEUgAAAoAAAAOQCAIAAAAmDldbAAAAAXNSR0IArs4c6QAAIABJREFUeJyMvFePZVmWHrbW2ua46024tJWVWa4te9qQHIJmSBF6ECgBAvSgFz0I0oN+j36AXgS+SBBESIAgkRhxMJzp4Uz3THVXd5mstOEjblx/7N57LT2cG1FZzR5CB4HICJwT955tcn3rM+fi//zzP2HnEbHX7SqlyrwQEY3kA59eF29mxYuzy6vttqj8/mR0MOglShRXMXHsnXHb9w96P/3+R900QjT7R4+ADKJZFvVvX7+dbdaeiBGERVgYIAAIgrAHAEQEABFhZmgPBBZpXMPBKVLMZOJsdbPMb+ZPjg4+fvKoG0Un1xeX+aoEzwQCQIAAgABJWY9slNiEyLjaiwiCNE0JwFpTJ4339yaDXieOlLE6MBe1i5POv/...
INFO  2023-05-29 01:48:07,118 basenative.py wrapper         29  call IdeNative.screen_shot end
INFO  2023-05-29 01:48:07,119 minitest.py _miniSetUp      394 =========case: test_get_system_info start=========
DEBUG 2023-05-29 01:48:07,120 connection.py _safely_send    417 SEND > {"id":"938fb7da-0536-418b-b9e7-f5e58bca7d79","method":"App.callWxMethod","params":{"method":"getSystemInfoSync","args":[]}}
DEBUG 2023-05-29 01:48:07,125 connection.py _on_message     650 RECV < {"id":"938fb7da-0536-418b-b9e7-f5e58bca7d79","result":{"result":{"model":"iPhone 5","pixelRatio":2,"windowWidth":320,"windowHeight":456,"system":"iOS 10.0.1","language":"zh_CN","version":"8.0.5","deviceOrientation":"portrait","screenWidth":320,"screenHeight":568,"SDKVersion":"2.30.2","brand":"devtools","fontSizeSetting":16,"benchmarkLevel":1,"batteryLevel":35,"statusBarHeight":20,"bluetoothEnabled":true,"locationEnabled":true,"wifiEnabled":true,"cameraAuthorized":true,"locationAuthorized":true,"microphon...
INFO  2023-05-29 01:48:07,176 minitest.py capture         673 capture assertIn-success.png
INFO  2023-05-29 01:48:07,176 basenative.py wrapper         25  call IdeNative.screen_shot
DEBUG 2023-05-29 01:48:07,177 connection.py _safely_send    417 SEND > {"id":"7182586d-b4a4-4956-b022-9b21f7e07a09","method":"App.captureScreenshot","params":{}}
DEBUG 2023-05-29 01:48:07,445 connection.py _on_message     650 RECV < {"id":"7182586d-b4a4-4956-b022-9b21f7e07a09","result":{"data":"iVBORw0KGgoAAAANSUhEUgAAAoAAAAOQCAIAAAAmDldbAAAAAXNSR0IArs4c6QAAIABJREFUeJyMvFePZVmWHrbW2ua46024tJWVWa4te9qQHIJmSBF6ECgBAvSgFz0I0oN+j36AXgS+SBBESIAgkRhxMJzp4Uz3THVXd5mstOEjblx/7N57LT2cG1FZzR5CB4HICJwT955tcn3rM+fi//zzP2HnEbHX7SqlyrwQEY3kA59eF29mxYuzy6vttqj8/mR0MOglShRXMXHsnXHb9w96P/3+R900QjT7R4+ADKJZFvVvX7+dbdaeiBGERVgYIAAIgrAHAEQEABFhZmgPBBZpXMPBKVLMZOJsdbPMb+ZPjg4+fvKoG0Un1xeX+aoEzwQCQIAAgABJWY9slNiEyLjaiwiCNE0JwFpTJ4339yaDXieOlLE6MBe1i5POv/...
INFO  2023-05-29 01:48:07,448 basenative.py wrapper         29  call IdeNative.screen_shot end
DEBUG 2023-05-29 01:48:07,449 minitest.py _miniTearDown   587 =========Current case Down: test_get_system_info=========
INFO  2023-05-29 01:48:07,450 minitest.py capture         673 capture teardown.png
INFO  2023-05-29 01:48:07,450 basenative.py wrapper         25  call IdeNative.screen_shot
DEBUG 2023-05-29 01:48:07,451 connection.py _safely_send    417 SEND > {"id":"eff1f21c-eb5e-411c-860f-6e661f6478fe","method":"App.captureScreenshot","params":{}}
DEBUG 2023-05-29 01:48:07,663 connection.py _on_message     650 RECV < {"id":"eff1f21c-eb5e-411c-860f-6e661f6478fe","result":{"data":"iVBORw0KGgoAAAANSUhEUgAAAoAAAAOQCAIAAAAmDldbAAAAAXNSR0IArs4c6QAAIABJREFUeJyMvFePZVmWHrbW2ua46024tJWVWa4te9qQHIJmSBF6ECgBAvSgFz0I0oN+j36AXgS+SBBESIAgkRhxMJzp4Uz3THVXd5mstOEjblx/7N57LT2cG1FZzR5CB4HICJwT955tcn3rM+fi//zzP2HnEbHX7SqlyrwQEY3kA59eF29mxYuzy6vttqj8/mR0MOglShRXMXHsnXHb9w96P/3+R900QjT7R4+ADKJZFvVvX7+dbdaeiBGERVgYIAAIgrAHAEQEABFhZmgPBBZpXMPBKVLMZOJsdbPMb+ZPjg4+fvKoG0Un1xeX+aoEzwQCQIAAgABJWY9slNiEyLjaiwiCNE0JwFpTJ4339yaDXieOlLE6MBe1i5POv/...
INFO  2023-05-29 01:48:07,666 basenative.py wrapper         29  call IdeNative.screen_shot end
INFO  2023-05-29 01:48:07,667 basenative.py wrapper         25  call BaseNative.get_start_up
INFO  2023-05-29 01:48:07,667 basenative.py wrapper         29  call BaseNative.get_start_up end
DEBUG 2023-05-29 01:48:13,670 connection.py _on_message     652 RECV < {"method":"App.bindingCalled","params":{"name":"onAppRouteDone","args":[{"webviewId":4,"path":"pages/map/map","query":{},"openType":"switchTab","__ts__":1685296093642},1685296093644]}}
INFO  2023-05-29 01:48:13,672 app.py     _on_route_changed 785 Route changed, {'name': 'onAppRouteDone', 'args': [{'webviewId': 4, 'path': 'pages/map/map', 'query': {}, 'openType': 'switchTab', '__ts__': 1685296093642}, 1685296093644]}
DEBUG 2023-05-29 01:48:14,798 connection.py _on_message     652 RECV < {"method":"App.bindingCalled","params":{"name":"onAppRouteDone","args":[{"webviewId":2,"path":"pages/main/main","query":{},"openType":"switchTab","__ts__":1685296094792},1685296094795]}}
INFO  2023-05-29 01:48:14,801 app.py     _on_route_changed 785 Route changed, {'name': 'onAppRouteDone', 'args': [{'webviewId': 2, 'path': 'pages/main/main', 'query': {}, 'openType': 'switchTab', '__ts__': 1685296094792}, 1685296094795]}
INFO  2023-05-29 01:48:17,675 session.py run             67  case queue is empty, test complete, release None
DEBUG 2023-05-29 01:48:17,677 connection.py _safely_send    417 ASYNC_SEND > {"id":"ffbcdb52-e1e5-4a67-883b-449c93ea8079","method":"Tool.close","params":{}}
DEBUG 2023-05-29 01:48:17,679 connection.py _on_message     652 RECV < {"id":"ffbcdb52-e1e5-4a67-883b-449c93ea8079","result":{}}
INFO  2023-05-29 01:48:17,680 connection.py _handle_async_msg 688 received async msg: ffbcdb52-e1e5-4a67-883b-449c93ea8079, maybe command ignore response
ERROR 2023-05-29 01:48:17,707 connection.py _on_error       632 Connection to remote host was lost.
INFO  2023-05-29 01:48:17,707 connection.py _ws_run_forever 367 websocket run forever shutdown
INFO  2023-05-29 01:48:18,690 basenative.py wrapper         25  call IdeNative.stop_wechat
INFO  2023-05-29 01:48:18,691 basenative.py wrapper         29  call IdeNative.stop_wechat end
INFO  2023-05-29 01:48:18,692 basenative.py wrapper         25  call IdeNative.release
INFO  2023-05-29 01:48:18,693 basenative.py wrapper         25  call BaseNative.release_auto_authorize
INFO  2023-05-29 01:48:18,693 basenative.py wrapper         29  call BaseNative.release_auto_authorize end
INFO  2023-05-29 01:48:18,693 basenative.py wrapper         29  call IdeNative.release end
